{"/Users/nsovomanganyi/Developer/cart-project/src/App.tsx": {"path":"/Users/nsovomanganyi/Developer/cart-project/src/App.tsx","statementMap":{"0":{"start":{"line":6,"column":2},"end":{"line":14,"column":4}}},"fnMap":{"0":{"name":"App","decl":{"start":{"line":5,"column":9},"end":{"line":5,"column":12}},"loc":{"start":{"line":5,"column":15},"end":{"line":15,"column":1}},"line":5}},"branchMap":{},"s":{"0":0},"f":{"0":0},"b":{}}
,"/Users/nsovomanganyi/Developer/cart-project/src/main.tsx": {"path":"/Users/nsovomanganyi/Developer/cart-project/src/main.tsx","statementMap":{"0":{"start":{"line":7,"column":0},"end":{"line":11,"column":2}}},"fnMap":{},"branchMap":{},"s":{"0":0},"f":{},"b":{}}
,"/Users/nsovomanganyi/Developer/cart-project/src/vite-env.d.ts": {"path":"/Users/nsovomanganyi/Developer/cart-project/src/vite-env.d.ts","statementMap":{},"fnMap":{},"branchMap":{},"s":{},"f":{},"b":{}}
,"/Users/nsovomanganyi/Developer/cart-project/src/assets/data/products.d.ts": {"path":"/Users/nsovomanganyi/Developer/cart-project/src/assets/data/products.d.ts","statementMap":{},"fnMap":{},"branchMap":{},"s":{},"f":{},"b":{}}
,"/Users/nsovomanganyi/Developer/cart-project/src/assets/data/products.js": {"path":"/Users/nsovomanganyi/Developer/cart-project/src/assets/data/products.js","statementMap":{"0":{"start":{"line":5,"column":17},"end":{"line":96,"column":3}}},"fnMap":{},"branchMap":{},"s":{"0":0},"f":{},"b":{},"inputSourceMap":null}
,"/Users/nsovomanganyi/Developer/cart-project/src/components/Cart.tsx": {"path":"/Users/nsovomanganyi/Developer/cart-project/src/components/Cart.tsx","statementMap":{"0":{"start":{"line":23,"column":13},"end":{"line":101,"column":1}},"1":{"start":{"line":24,"column":15},"end":{"line":24,"column":60}},"2":{"start":{"line":24,"column":49},"end":{"line":24,"column":59}},"3":{"start":{"line":25,"column":19},"end":{"line":25,"column":32}},"4":{"start":{"line":27,"column":23},"end":{"line":29,"column":3}},"5":{"start":{"line":28,"column":4},"end":{"line":28,"column":33}},"6":{"start":{"line":31,"column":21},"end":{"line":31,"column":71}},"7":{"start":{"line":31,"column":48},"end":{"line":31,"column":67}},"8":{"start":{"line":32,"column":22},"end":{"line":35,"column":3}},"9":{"start":{"line":33,"column":19},"end":{"line":33,"column":51}},"10":{"start":{"line":37,"column":2},"end":{"line":100,"column":4}},"11":{"start":{"line":57,"column":12},"end":{"line":85,"column":19}},"12":{"start":{"line":78,"column":35},"end":{"line":78,"column":56}}},"fnMap":{"0":{"name":"(anonymous_0)","decl":{"start":{"line":23,"column":13},"end":{"line":23,"column":14}},"loc":{"start":{"line":23,"column":44},"end":{"line":101,"column":1}},"line":23},"1":{"name":"(anonymous_1)","decl":{"start":{"line":24,"column":27},"end":{"line":24,"column":28}},"loc":{"start":{"line":24,"column":49},"end":{"line":24,"column":59}},"line":24},"2":{"name":"(anonymous_2)","decl":{"start":{"line":27,"column":23},"end":{"line":27,"column":24}},"loc":{"start":{"line":27,"column":39},"end":{"line":29,"column":3}},"line":27},"3":{"name":"(anonymous_3)","decl":{"start":{"line":31,"column":33},"end":{"line":31,"column":34}},"loc":{"start":{"line":31,"column":48},"end":{"line":31,"column":67}},"line":31},"4":{"name":"(anonymous_4)","decl":{"start":{"line":33,"column":4},"end":{"line":33,"column":5}},"loc":{"start":{"line":33,"column":19},"end":{"line":33,"column":51}},"line":33},"5":{"name":"(anonymous_5)","decl":{"start":{"line":56,"column":20},"end":{"line":56,"column":21}},"loc":{"start":{"line":57,"column":12},"end":{"line":85,"column":19}},"line":57},"6":{"name":"(anonymous_6)","decl":{"start":{"line":78,"column":29},"end":{"line":78,"column":30}},"loc":{"start":{"line":78,"column":35},"end":{"line":78,"column":56}},"line":78}},"branchMap":{"0":{"loc":{"start":{"line":48,"column":29},"end":{"line":48,"column":64}},"type":"cond-expr","locations":[{"start":{"line":48,"column":48},"end":{"line":48,"column":54}},{"start":{"line":48,"column":57},"end":{"line":48,"column":64}}],"line":48},"1":{"loc":{"start":{"line":54,"column":7},"end":{"line":98,"column":7}},"type":"cond-expr","locations":[{"start":{"line":55,"column":8},"end":{"line":95,"column":15}},{"start":{"line":97,"column":8},"end":{"line":97,"column":67}}],"line":54}},"s":{"0":0,"1":0,"2":0,"3":0,"4":0,"5":0,"6":0,"7":0,"8":0,"9":0,"10":0,"11":0,"12":0},"f":{"0":0,"1":0,"2":0,"3":0,"4":0,"5":0,"6":0},"b":{"0":[0,0],"1":[0,0]}}
,"/Users/nsovomanganyi/Developer/cart-project/src/components/Navbar.tsx": {"path":"/Users/nsovomanganyi/Developer/cart-project/src/components/Navbar.tsx","statementMap":{"0":{"start":{"line":8,"column":15},"end":{"line":29,"column":1}},"1":{"start":{"line":9,"column":2},"end":{"line":28,"column":4}},"2":{"start":{"line":21,"column":37},"end":{"line":21,"column":55}}},"fnMap":{"0":{"name":"(anonymous_0)","decl":{"start":{"line":8,"column":15},"end":{"line":8,"column":16}},"loc":{"start":{"line":8,"column":48},"end":{"line":29,"column":1}},"line":8},"1":{"name":"(anonymous_1)","decl":{"start":{"line":21,"column":31},"end":{"line":21,"column":32}},"loc":{"start":{"line":21,"column":37},"end":{"line":21,"column":55}},"line":21}},"branchMap":{},"s":{"0":0,"1":0,"2":0},"f":{"0":0,"1":0},"b":{}}
,"/Users/nsovomanganyi/Developer/cart-project/src/components/payment/PayPalPayment.tsx": {"path":"/Users/nsovomanganyi/Developer/cart-project/src/components/payment/PayPalPayment.tsx","statementMap":{"0":{"start":{"line":15,"column":22},"end":{"line":50,"column":1}},"1":{"start":{"line":16,"column":2},"end":{"line":47,"column":20}},"2":{"start":{"line":17,"column":4},"end":{"line":17,"column":34}},"3":{"start":{"line":20,"column":19},"end":{"line":20,"column":51}},"4":{"start":{"line":21,"column":4},"end":{"line":21,"column":84}},"5":{"start":{"line":22,"column":4},"end":{"line":41,"column":7}},"6":{"start":{"line":23,"column":6},"end":{"line":40,"column":7}},"7":{"start":{"line":24,"column":8},"end":{"line":39,"column":46}},"8":{"start":{"line":26,"column":12},"end":{"line":32,"column":15}},"9":{"start":{"line":35,"column":12},"end":{"line":37,"column":15}},"10":{"start":{"line":36,"column":14},"end":{"line":36,"column":81}},"11":{"start":{"line":42,"column":4},"end":{"line":42,"column":38}},"12":{"start":{"line":44,"column":4},"end":{"line":46,"column":6}},"13":{"start":{"line":45,"column":6},"end":{"line":45,"column":40}},"14":{"start":{"line":49,"column":2},"end":{"line":49,"column":50}}},"fnMap":{"0":{"name":"(anonymous_0)","decl":{"start":{"line":15,"column":22},"end":{"line":15,"column":23}},"loc":{"start":{"line":15,"column":63},"end":{"line":50,"column":1}},"line":15},"1":{"name":"(anonymous_1)","decl":{"start":{"line":16,"column":12},"end":{"line":16,"column":13}},"loc":{"start":{"line":16,"column":18},"end":{"line":47,"column":3}},"line":16},"2":{"name":"(anonymous_2)","decl":{"start":{"line":22,"column":36},"end":{"line":22,"column":37}},"loc":{"start":{"line":22,"column":42},"end":{"line":41,"column":5}},"line":22},"3":{"name":"(anonymous_3)","decl":{"start":{"line":25,"column":23},"end":{"line":25,"column":24}},"loc":{"start":{"line":25,"column":42},"end":{"line":33,"column":11}},"line":25},"4":{"name":"(anonymous_4)","decl":{"start":{"line":34,"column":21},"end":{"line":34,"column":22}},"loc":{"start":{"line":34,"column":40},"end":{"line":38,"column":11}},"line":34},"5":{"name":"(anonymous_5)","decl":{"start":{"line":35,"column":48},"end":{"line":35,"column":49}},"loc":{"start":{"line":35,"column":59},"end":{"line":37,"column":13}},"line":35},"6":{"name":"(anonymous_6)","decl":{"start":{"line":44,"column":11},"end":{"line":44,"column":12}},"loc":{"start":{"line":44,"column":17},"end":{"line":46,"column":5}},"line":44}},"branchMap":{"0":{"loc":{"start":{"line":23,"column":6},"end":{"line":40,"column":7}},"type":"if","locations":[{"start":{"line":23,"column":6},"end":{"line":40,"column":7}},{"start":{},"end":{}}],"line":23}},"s":{"0":0,"1":0,"2":0,"3":0,"4":0,"5":0,"6":0,"7":0,"8":0,"9":0,"10":0,"11":0,"12":0,"13":0,"14":0},"f":{"0":0,"1":0,"2":0,"3":0,"4":0,"5":0,"6":0},"b":{"0":[0,0]}}
,"/Users/nsovomanganyi/Developer/cart-project/src/components/shared/Box.tsx": {"path":"/Users/nsovomanganyi/Developer/cart-project/src/components/shared/Box.tsx","statementMap":{"0":{"start":{"line":14,"column":44},"end":{"line":45,"column":1}},"1":{"start":{"line":22,"column":2},"end":{"line":44,"column":4}}},"fnMap":{"0":{"name":"(anonymous_0)","decl":{"start":{"line":14,"column":44},"end":{"line":14,"column":45}},"loc":{"start":{"line":21,"column":6},"end":{"line":45,"column":1}},"line":21}},"branchMap":{},"s":{"0":0,"1":0},"f":{"0":0},"b":{}}
,"/Users/nsovomanganyi/Developer/cart-project/src/components/shared/Button.tsx": {"path":"/Users/nsovomanganyi/Developer/cart-project/src/components/shared/Button.tsx","statementMap":{"0":{"start":{"line":13,"column":21},"end":{"line":35,"column":1}},"1":{"start":{"line":14,"column":2},"end":{"line":34,"column":4}}},"fnMap":{"0":{"name":"(anonymous_0)","decl":{"start":{"line":13,"column":21},"end":{"line":13,"column":22}},"loc":{"start":{"line":13,"column":80},"end":{"line":35,"column":1}},"line":13}},"branchMap":{},"s":{"0":0,"1":0},"f":{"0":0},"b":{}}
,"/Users/nsovomanganyi/Developer/cart-project/src/components/shop/Product.tsx": {"path":"/Users/nsovomanganyi/Developer/cart-project/src/components/shop/Product.tsx","statementMap":{"0":{"start":{"line":16,"column":16},"end":{"line":40,"column":1}},"1":{"start":{"line":17,"column":2},"end":{"line":39,"column":4}}},"fnMap":{"0":{"name":"(anonymous_0)","decl":{"start":{"line":16,"column":16},"end":{"line":16,"column":17}},"loc":{"start":{"line":16,"column":61},"end":{"line":40,"column":1}},"line":16}},"branchMap":{},"s":{"0":0,"1":0},"f":{"0":0},"b":{}}
,"/Users/nsovomanganyi/Developer/cart-project/src/components/shop/Shop.tsx": {"path":"/Users/nsovomanganyi/Developer/cart-project/src/components/shop/Shop.tsx","statementMap":{"0":{"start":{"line":14,"column":13},"end":{"line":91,"column":1}},"1":{"start":{"line":15,"column":19},"end":{"line":15,"column":32}},"2":{"start":{"line":16,"column":46},"end":{"line":16,"column":58}},"3":{"start":{"line":17,"column":36},"end":{"line":17,"column":51}},"4":{"start":{"line":18,"column":39},"end":{"line":18,"column":88}},"5":{"start":{"line":18,"column":73},"end":{"line":18,"column":87}},"6":{"start":{"line":20,"column":2},"end":{"line":22,"column":17}},"7":{"start":{"line":21,"column":4},"end":{"line":21,"column":30}},"8":{"start":{"line":24,"column":27},"end":{"line":28,"column":16}},"9":{"start":{"line":25,"column":4},"end":{"line":27,"column":7}},"10":{"start":{"line":26,"column":6},"end":{"line":26,"column":98}},"11":{"start":{"line":26,"column":70},"end":{"line":26,"column":94}},"12":{"start":{"line":30,"column":26},"end":{"line":44,"column":3}},"13":{"start":{"line":31,"column":31},"end":{"line":37,"column":5}},"14":{"start":{"line":38,"column":4},"end":{"line":38,"column":34}},"15":{"start":{"line":39,"column":4},"end":{"line":39,"column":53}},"16":{"start":{"line":41,"column":4},"end":{"line":43,"column":13}},"17":{"start":{"line":42,"column":6},"end":{"line":42,"column":28}},"18":{"start":{"line":46,"column":21},"end":{"line":48,"column":3}},"19":{"start":{"line":46,"column":40},"end":{"line":48,"column":3}},"20":{"start":{"line":47,"column":4},"end":{"line":47,"column":22}},"21":{"start":{"line":50,"column":2},"end":{"line":90,"column":4}}},"fnMap":{"0":{"name":"(anonymous_0)","decl":{"start":{"line":14,"column":13},"end":{"line":14,"column":14}},"loc":{"start":{"line":14,"column":19},"end":{"line":91,"column":1}},"line":14},"1":{"name":"(anonymous_1)","decl":{"start":{"line":18,"column":51},"end":{"line":18,"column":52}},"loc":{"start":{"line":18,"column":73},"end":{"line":18,"column":87}},"line":18},"2":{"name":"(anonymous_2)","decl":{"start":{"line":20,"column":12},"end":{"line":20,"column":13}},"loc":{"start":{"line":20,"column":18},"end":{"line":22,"column":3}},"line":20},"3":{"name":"(anonymous_3)","decl":{"start":{"line":24,"column":35},"end":{"line":24,"column":36}},"loc":{"start":{"line":24,"column":41},"end":{"line":28,"column":3}},"line":24},"4":{"name":"(anonymous_4)","decl":{"start":{"line":25,"column":24},"end":{"line":25,"column":25}},"loc":{"start":{"line":26,"column":6},"end":{"line":26,"column":98}},"line":26},"5":{"name":"(anonymous_5)","decl":{"start":{"line":26,"column":64},"end":{"line":26,"column":65}},"loc":{"start":{"line":26,"column":70},"end":{"line":26,"column":94}},"line":26},"6":{"name":"(anonymous_6)","decl":{"start":{"line":30,"column":26},"end":{"line":30,"column":27}},"loc":{"start":{"line":30,"column":52},"end":{"line":44,"column":3}},"line":30},"7":{"name":"(anonymous_7)","decl":{"start":{"line":41,"column":15},"end":{"line":41,"column":16}},"loc":{"start":{"line":41,"column":21},"end":{"line":43,"column":5}},"line":41},"8":{"name":"(anonymous_8)","decl":{"start":{"line":46,"column":21},"end":{"line":46,"column":22}},"loc":{"start":{"line":46,"column":40},"end":{"line":48,"column":3}},"line":46},"9":{"name":"(anonymous_9)","decl":{"start":{"line":46,"column":40},"end":{"line":46,"column":41}},"loc":{"start":{"line":46,"column":46},"end":{"line":48,"column":3}},"line":46}},"branchMap":{"0":{"loc":{"start":{"line":59,"column":7},"end":{"line":73,"column":7}},"type":"binary-expr","locations":[{"start":{"line":59,"column":7},"end":{"line":59,"column":21}},{"start":{"line":60,"column":8},"end":{"line":72,"column":14}}],"line":59},"1":{"loc":{"start":{"line":75,"column":7},"end":{"line":75,"column":53}},"type":"binary-expr","locations":[{"start":{"line":75,"column":7},"end":{"line":75,"column":14}},{"start":{"line":75,"column":18},"end":{"line":75,"column":53}}],"line":75},"2":{"loc":{"start":{"line":76,"column":7},"end":{"line":76,"column":62}},"type":"binary-expr","locations":[{"start":{"line":76,"column":7},"end":{"line":76,"column":12}},{"start":{"line":76,"column":16},"end":{"line":76,"column":62}}],"line":76}},"s":{"0":0,"1":0,"2":0,"3":0,"4":0,"5":0,"6":0,"7":0,"8":0,"9":0,"10":0,"11":0,"12":0,"13":0,"14":0,"15":0,"16":0,"17":0,"18":0,"19":0,"20":0,"21":0},"f":{"0":0,"1":0,"2":0,"3":0,"4":0,"5":0,"6":0,"7":0,"8":0,"9":0},"b":{"0":[0,0],"1":[0,0],"2":[0,0]}}
,"/Users/nsovomanganyi/Developer/cart-project/src/models/ProductType.ts": {"path":"/Users/nsovomanganyi/Developer/cart-project/src/models/ProductType.ts","statementMap":{},"fnMap":{},"branchMap":{},"s":{},"f":{},"b":{}}
,"/Users/nsovomanganyi/Developer/cart-project/src/services/mockApi.ts": {"path":"/Users/nsovomanganyi/Developer/cart-project/src/services/mockApi.ts","statementMap":{"0":{"start":{"line":4,"column":27},"end":{"line":10,"column":1}},"1":{"start":{"line":5,"column":2},"end":{"line":9,"column":5}},"2":{"start":{"line":6,"column":4},"end":{"line":8,"column":13}},"3":{"start":{"line":7,"column":6},"end":{"line":7,"column":34}}},"fnMap":{"0":{"name":"(anonymous_0)","decl":{"start":{"line":4,"column":27},"end":{"line":4,"column":28}},"loc":{"start":{"line":4,"column":33},"end":{"line":10,"column":1}},"line":4},"1":{"name":"(anonymous_1)","decl":{"start":{"line":5,"column":21},"end":{"line":5,"column":22}},"loc":{"start":{"line":5,"column":34},"end":{"line":9,"column":3}},"line":5},"2":{"name":"(anonymous_2)","decl":{"start":{"line":6,"column":15},"end":{"line":6,"column":16}},"loc":{"start":{"line":6,"column":21},"end":{"line":8,"column":5}},"line":6}},"branchMap":{},"s":{"0":0,"1":0,"2":0,"3":0},"f":{"0":0,"1":0,"2":0},"b":{}}
,"/Users/nsovomanganyi/Developer/cart-project/src/store/initialState.ts": {"path":"/Users/nsovomanganyi/Developer/cart-project/src/store/initialState.ts","statementMap":{"0":{"start":{"line":27,"column":38},"end":{"line":33,"column":1}}},"fnMap":{},"branchMap":{},"s":{"0":0},"f":{},"b":{}}
,"/Users/nsovomanganyi/Developer/cart-project/src/store/rootReducer.ts": {"path":"/Users/nsovomanganyi/Developer/cart-project/src/store/rootReducer.ts","statementMap":{"0":{"start":{"line":5,"column":21},"end":{"line":8,"column":2}}},"fnMap":{},"branchMap":{},"s":{"0":0},"f":{},"b":{}}
,"/Users/nsovomanganyi/Developer/cart-project/src/store/store.ts": {"path":"/Users/nsovomanganyi/Developer/cart-project/src/store/store.ts","statementMap":{"0":{"start":{"line":5,"column":14},"end":{"line":8,"column":2}},"1":{"start":{"line":7,"column":40},"end":{"line":7,"column":76}}},"fnMap":{"0":{"name":"(anonymous_0)","decl":{"start":{"line":7,"column":14},"end":{"line":7,"column":15}},"loc":{"start":{"line":7,"column":40},"end":{"line":7,"column":76}},"line":7}},"branchMap":{},"s":{"0":0,"1":0},"f":{"0":0},"b":{}}
,"/Users/nsovomanganyi/Developer/cart-project/src/store/slices/cartSlice.ts": {"path":"/Users/nsovomanganyi/Developer/cart-project/src/store/slices/cartSlice.ts","statementMap":{"0":{"start":{"line":4,"column":18},"end":{"line":31,"column":2}},"1":{"start":{"line":9,"column":27},"end":{"line":9,"column":78}},"2":{"start":{"line":9,"column":48},"end":{"line":9,"column":77}},"3":{"start":{"line":10,"column":6},"end":{"line":15,"column":7}},"4":{"start":{"line":11,"column":8},"end":{"line":11,"column":62}},"5":{"start":{"line":13,"column":30},"end":{"line":13,"column":58}},"6":{"start":{"line":14,"column":8},"end":{"line":14,"column":67}},"7":{"start":{"line":18,"column":6},"end":{"line":18,"column":60}},"8":{"start":{"line":19,"column":6},"end":{"line":19,"column":65}},"9":{"start":{"line":19,"column":37},"end":{"line":19,"column":63}},"10":{"start":{"line":22,"column":20},"end":{"line":22,"column":76}},"11":{"start":{"line":22,"column":46},"end":{"line":22,"column":75}},"12":{"start":{"line":23,"column":6},"end":{"line":25,"column":7}},"13":{"start":{"line":24,"column":8},"end":{"line":24,"column":31}},"14":{"start":{"line":28,"column":6},"end":{"line":28,"column":16}},"15":{"start":{"line":34,"column":2},"end":{"line":34,"column":19}}},"fnMap":{"0":{"name":"(anonymous_0)","decl":{"start":{"line":8,"column":15},"end":{"line":8,"column":16}},"loc":{"start":{"line":8,"column":59},"end":{"line":16,"column":5}},"line":8},"1":{"name":"(anonymous_1)","decl":{"start":{"line":9,"column":38},"end":{"line":9,"column":39}},"loc":{"start":{"line":9,"column":48},"end":{"line":9,"column":77}},"line":9},"2":{"name":"(anonymous_2)","decl":{"start":{"line":17,"column":20},"end":{"line":17,"column":21}},"loc":{"start":{"line":17,"column":62},"end":{"line":20,"column":5}},"line":17},"3":{"name":"(anonymous_3)","decl":{"start":{"line":19,"column":27},"end":{"line":19,"column":28}},"loc":{"start":{"line":19,"column":37},"end":{"line":19,"column":63}},"line":19},"4":{"name":"(anonymous_4)","decl":{"start":{"line":21,"column":20},"end":{"line":21,"column":21}},"loc":{"start":{"line":21,"column":64},"end":{"line":26,"column":5}},"line":21},"5":{"name":"(anonymous_5)","decl":{"start":{"line":22,"column":36},"end":{"line":22,"column":37}},"loc":{"start":{"line":22,"column":46},"end":{"line":22,"column":75}},"line":22},"6":{"name":"(anonymous_6)","decl":{"start":{"line":27,"column":15},"end":{"line":27,"column":16}},"loc":{"start":{"line":27,"column":21},"end":{"line":29,"column":5}},"line":27}},"branchMap":{"0":{"loc":{"start":{"line":10,"column":6},"end":{"line":15,"column":7}},"type":"if","locations":[{"start":{"line":10,"column":6},"end":{"line":15,"column":7}},{"start":{"line":12,"column":13},"end":{"line":15,"column":7}}],"line":10},"1":{"loc":{"start":{"line":11,"column":33},"end":{"line":11,"column":61}},"type":"binary-expr","locations":[{"start":{"line":11,"column":33},"end":{"line":11,"column":56}},{"start":{"line":11,"column":60},"end":{"line":11,"column":61}}],"line":11},"2":{"loc":{"start":{"line":13,"column":30},"end":{"line":13,"column":58}},"type":"binary-expr","locations":[{"start":{"line":13,"column":30},"end":{"line":13,"column":53}},{"start":{"line":13,"column":57},"end":{"line":13,"column":58}}],"line":13},"3":{"loc":{"start":{"line":23,"column":6},"end":{"line":25,"column":7}},"type":"if","locations":[{"start":{"line":23,"column":6},"end":{"line":25,"column":7}},{"start":{},"end":{}}],"line":23}},"s":{"0":0,"1":0,"2":0,"3":0,"4":0,"5":0,"6":0,"7":0,"8":0,"9":0,"10":0,"11":0,"12":0,"13":0,"14":0,"15":0},"f":{"0":0,"1":0,"2":0,"3":0,"4":0,"5":0,"6":0},"b":{"0":[0,0],"1":[0,0],"2":[0,0],"3":[0,0]}}
,"/Users/nsovomanganyi/Developer/cart-project/src/store/slices/productSlice.ts": {"path":"/Users/nsovomanganyi/Developer/cart-project/src/store/slices/productSlice.ts","statementMap":{"0":{"start":{"line":5,"column":29},"end":{"line":12,"column":2}},"1":{"start":{"line":6,"column":2},"end":{"line":11,"column":3}},"2":{"start":{"line":7,"column":21},"end":{"line":7,"column":40}},"3":{"start":{"line":8,"column":4},"end":{"line":8,"column":38}},"4":{"start":{"line":10,"column":4},"end":{"line":10,"column":48}},"5":{"start":{"line":14,"column":21},"end":{"line":44,"column":2}},"6":{"start":{"line":23,"column":6},"end":{"line":23,"column":38}},"7":{"start":{"line":26,"column":6},"end":{"line":26,"column":42}},"8":{"start":{"line":30,"column":4},"end":{"line":42,"column":9}},"9":{"start":{"line":32,"column":8},"end":{"line":32,"column":29}},"10":{"start":{"line":33,"column":8},"end":{"line":33,"column":27}},"11":{"start":{"line":36,"column":8},"end":{"line":36,"column":30}},"12":{"start":{"line":37,"column":8},"end":{"line":37,"column":40}},"13":{"start":{"line":40,"column":8},"end":{"line":40,"column":30}},"14":{"start":{"line":41,"column":8},"end":{"line":41,"column":73}},"15":{"start":{"line":46,"column":43},"end":{"line":46,"column":63}}},"fnMap":{"0":{"name":"(anonymous_0)","decl":{"start":{"line":5,"column":72},"end":{"line":5,"column":73}},"loc":{"start":{"line":5,"column":84},"end":{"line":12,"column":1}},"line":5},"1":{"name":"(anonymous_1)","decl":{"start":{"line":22,"column":17},"end":{"line":22,"column":18}},"loc":{"start":{"line":22,"column":62},"end":{"line":24,"column":5}},"line":22},"2":{"name":"(anonymous_2)","decl":{"start":{"line":25,"column":16},"end":{"line":25,"column":17}},"loc":{"start":{"line":25,"column":59},"end":{"line":27,"column":5}},"line":25},"3":{"name":"(anonymous_3)","decl":{"start":{"line":29,"column":17},"end":{"line":29,"column":18}},"loc":{"start":{"line":29,"column":30},"end":{"line":43,"column":3}},"line":29},"4":{"name":"(anonymous_4)","decl":{"start":{"line":31,"column":38},"end":{"line":31,"column":39}},"loc":{"start":{"line":31,"column":49},"end":{"line":34,"column":7}},"line":31},"5":{"name":"(anonymous_5)","decl":{"start":{"line":35,"column":40},"end":{"line":35,"column":41}},"loc":{"start":{"line":35,"column":85},"end":{"line":38,"column":7}},"line":35},"6":{"name":"(anonymous_6)","decl":{"start":{"line":39,"column":39},"end":{"line":39,"column":40}},"loc":{"start":{"line":39,"column":58},"end":{"line":42,"column":7}},"line":39}},"branchMap":{"0":{"loc":{"start":{"line":41,"column":22},"end":{"line":41,"column":72}},"type":"binary-expr","locations":[{"start":{"line":41,"column":22},"end":{"line":41,"column":42}},{"start":{"line":41,"column":46},"end":{"line":41,"column":72}}],"line":41}},"s":{"0":0,"1":0,"2":0,"3":0,"4":0,"5":0,"6":0,"7":0,"8":0,"9":0,"10":0,"11":0,"12":0,"13":0,"14":0,"15":0},"f":{"0":0,"1":0,"2":0,"3":0,"4":0,"5":0,"6":0},"b":{"0":[0,0]}}
,"/Users/nsovomanganyi/Developer/cart-project/src/utils/formatCurrency.tsx": {"path":"/Users/nsovomanganyi/Developer/cart-project/src/utils/formatCurrency.tsx","statementMap":{"0":{"start":{"line":2,"column":4},"end":{"line":7,"column":22}}},"fnMap":{"0":{"name":"formatCurrency","decl":{"start":{"line":1,"column":16},"end":{"line":1,"column":30}},"loc":{"start":{"line":1,"column":47},"end":{"line":8,"column":3}},"line":1}},"branchMap":{},"s":{"0":0},"f":{"0":0},"b":{}}
}
